[debug] [2021-01-27T11:02:08.180Z] ----------------------------------------------------------------------
[debug] [2021-01-27T11:02:08.183Z] Command:       /home/saulo/.nvm/versions/node/v12.19.0/bin/node /home/saulo/.nvm/versions/node/v12.19.0/bin/firebase init
[debug] [2021-01-27T11:02:08.183Z] CLI Version:   9.2.2
[debug] [2021-01-27T11:02:08.183Z] Platform:      linux
[debug] [2021-01-27T11:02:08.184Z] Node Version:  v12.19.0
[debug] [2021-01-27T11:02:08.184Z] Time:          Wed Jan 27 2021 08:02:08 GMT-0300 (GMT-03:00)
[debug] [2021-01-27T11:02:08.184Z] ----------------------------------------------------------------------
[debug] [2021-01-27T11:02:08.184Z] 
[debug] [2021-01-27T11:02:08.189Z] > command requires scopes: ["email","openid","https://www.googleapis.com/auth/cloudplatformprojects.readonly","https://www.googleapis.com/auth/firebase","https://www.googleapis.com/auth/cloud-platform"]
[debug] [2021-01-27T11:02:08.190Z] > authorizing via signed-in user
[info] 
     ######## #### ########  ######## ########     ###     ######  ########
     ##        ##  ##     ## ##       ##     ##  ##   ##  ##       ##
     ######    ##  ########  ######   ########  #########  ######  ######
     ##        ##  ##    ##  ##       ##     ## ##     ##       ## ##
     ##       #### ##     ## ######## ########  ##     ##  ######  ########

You're about to initialize a Firebase project in this directory:

  /home/saulo/Documentos/projeto_semana_06

[info] 
=== Project Setup
[info] 
[info] First, let's associate this project directory with a Firebase project.
[info] You can create multiple project aliases by running firebase use --add, 
[info] but for now we'll just set up a default project.
[info] 
[debug] [2021-01-27T11:04:41.050Z] >>> [apiv2][query] GET https://firebase.googleapis.com/v1beta1/projects pageSize=100
[debug] [2021-01-27T11:04:42.191Z] <<< [apiv2][status] GET https://firebase.googleapis.com/v1beta1/projects 200
[debug] [2021-01-27T11:04:42.191Z] <<< [apiv2][body] GET https://firebase.googleapis.com/v1beta1/projects [omitted]
[info] i  Using project portfolio-listagem-github-api (portfolio-listagem-github-api) 
[info] 
=== Hosting Setup
[info] 
[info] Your public directory is the folder (relative to your project directory) that
[info] will contain Hosting assets to be uploaded with firebase deploy. If you
[info] have a build process for your assets, use your build's output directory.
[info] 
[info] ✔  Wrote public/404.html 
[debug] [2021-01-27T11:05:58.330Z] >>> [apiv2][query] GET https://www.gstatic.com/firebasejs/releases.json [none]
[debug] [2021-01-27T11:05:58.441Z] <<< [apiv2][status] GET https://www.gstatic.com/firebasejs/releases.json 200
[debug] [2021-01-27T11:05:58.441Z] <<< [apiv2][body] GET https://www.gstatic.com/firebasejs/releases.json {"current":{"version":"8.2.4","browserURL":"https://www.gstatic.com/firebasejs/8.2.4/firebase.js","packageURL":"https://www.gstatic.com/firebasejs/8.2.4/firebase.tgz"},"live":{"version":"8.2","browserURL":"https://www.gstatic.com/firebasejs/live/8.2/firebase.js","packageURL":"https://www.gstatic.com/firebasejs/live/8.2/firebase.tgz"},"components":{"analytics":"https://www.gstatic.com/firebasejs/8.2.4/firebase-analytics.js","app":"https://www.gstatic.com/firebasejs/8.2.4/firebase-app.js","auth":"https://www.gstatic.com/firebasejs/8.2.4/firebase-auth.js","database":"https://www.gstatic.com/firebasejs/8.2.4/firebase-database.js","firestore":"https://www.gstatic.com/firebasejs/8.2.4/firebase-firestore.js","functions":"https://www.gstatic.com/firebasejs/8.2.4/firebase-functions.js","installations":"https://www.gstatic.com/firebasejs/8.2.4/firebase-installations.js","messaging":"https://www.gstatic.com/firebasejs/8.2.4/firebase-messaging.js","storage":"https://www.gstatic.com/firebasejs/8.2.4/firebase-storage.js","performance":"https://www.gstatic.com/firebasejs/8.2.4/firebase-performance.js","remote-config":"https://www.gstatic.com/firebasejs/8.2.4/firebase-remote-config.js","firestore.memory":"https://www.gstatic.com/firebasejs/8.2.4/firebase-firestore.memory.js"}}
[info] ✔  Wrote public/index.html 
[info] 
[info] i  Didn't detect a .git folder. Assuming /home/saulo/Documentos/projeto_semana_06 is the project root. 
[info] i  Authorizing with GitHub to upload your service account to a GitHub repository's secrets store. 
[info] 
[info] Visit this URL on this device to log in:
[info] https://github.com/login/oauth/authorize?client_id=89cf50f02ac6aaed3484&state=1066159003&redirect_uri=http%3A%2F%2Flocalhost%3A9005&scope=read%3Auser%20repo%20public_repo
[info] 
[info] Waiting for authentication...
[debug] [2021-01-27T11:06:16.804Z] >>> HTTP REQUEST POST https://github.com/login/oauth/access_token  
 {"client_id":"89cf50f02ac6aaed3484","client_secret":"3330d14abc895d9a74d5f17cd7a00711fa2c5bf0","code":"489fd1ec32f19fe822b3","redirect_uri":"http://localhost:9005","state":"1066159003"}
[debug] [2021-01-27T11:06:17.067Z] <<< HTTP RESPONSE 200 {"date":"Wed, 27 Jan 2021 11:06:17 GMT","content-type":"application/json; charset=utf-8","transfer-encoding":"chunked","server":"GitHub.com","status":"200 OK","vary":"X-PJAX, Accept-Encoding, Accept, X-Requested-With, Accept-Encoding","etag":"W/\"dabe1487bb0378df62bc1207dd333789\"","cache-control":"max-age=0, private, must-revalidate","strict-transport-security":"max-age=31536000; includeSubdomains; preload","x-frame-options":"deny","x-content-type-options":"nosniff","x-xss-protection":"1; mode=block","referrer-policy":"origin-when-cross-origin, strict-origin-when-cross-origin","expect-ct":"max-age=2592000, report-uri=\"https://api.github.com/_private/browser/errors\"","content-security-policy":"default-src 'none'; base-uri 'self'; block-all-mixed-content; connect-src 'self' uploads.github.com www.githubstatus.com collector.githubapp.com api.github.com github-cloud.s3.amazonaws.com github-production-repository-file-5c1aeb.s3.amazonaws.com github-production-upload-manifest-file-7fdce7.s3.amazonaws.com github-production-user-asset-6210df.s3.amazonaws.com cdn.optimizely.com logx.optimizely.com/v1/events wss://alive.github.com; font-src github.githubassets.com; form-action 'self' github.com gist.github.com; frame-ancestors 'none'; frame-src render.githubusercontent.com; img-src 'self' data: github.githubassets.com identicons.github.com collector.githubapp.com github-cloud.s3.amazonaws.com *.githubusercontent.com; manifest-src 'self'; media-src 'none'; script-src github.githubassets.com; style-src 'unsafe-inline' github.githubassets.com; worker-src github.com/socket-worker-5029ae85.js gist.github.com/socket-worker-5029ae85.js","x-github-request-id":"DF1A:2D2A:14DF30:184B1B:60114928"}
[debug] [2021-01-27T11:06:17.069Z] >>> [apiv2][query] GET https://api.github.com/user [none]
[debug] [2021-01-27T11:06:17.388Z] <<< [apiv2][status] GET https://api.github.com/user 200
[debug] [2021-01-27T11:06:17.388Z] <<< [apiv2][body] GET https://api.github.com/user {"login":"Saul97-arch","id":55132010,"node_id":"MDQ6VXNlcjU1MTMyMDEw","avatar_url":"https://avatars.githubusercontent.com/u/55132010?v=4","gravatar_id":"","url":"https://api.github.com/users/Saul97-arch","html_url":"https://github.com/Saul97-arch","followers_url":"https://api.github.com/users/Saul97-arch/followers","following_url":"https://api.github.com/users/Saul97-arch/following{/other_user}","gists_url":"https://api.github.com/users/Saul97-arch/gists{/gist_id}","starred_url":"https://api.github.com/users/Saul97-arch/starred{/owner}{/repo}","subscriptions_url":"https://api.github.com/users/Saul97-arch/subscriptions","organizations_url":"https://api.github.com/users/Saul97-arch/orgs","repos_url":"https://api.github.com/users/Saul97-arch/repos","events_url":"https://api.github.com/users/Saul97-arch/events{/privacy}","received_events_url":"https://api.github.com/users/Saul97-arch/received_events","type":"User","site_admin":false,"name":null,"company":null,"blog":"duart.herrera@gmail.com","location":null,"email":null,"hireable":true,"bio":null,"twitter_username":null,"public_repos":13,"public_gists":0,"followers":6,"following":17,"created_at":"2019-09-10T08:17:19Z","updated_at":"2021-01-27T11:06:16Z","private_gists":0,"total_private_repos":7,"owned_private_repos":7,"disk_usage":2656,"collaborators":0,"two_factor_authentication":false,"plan":{"name":"free","space":976562499,"collaborators":0,"private_repos":10000}}
[info] 
[info] ✔  Success! Logged into GitHub as Saul97-arch 
[info] 
